2017-05-01 23:18:15,112 - ResourceManager : unable to find resource 'com/reporter/VMmodel/overview.vm' in any resource loader.
2017-05-01 23:22:19,331 - ResourceManager : unable to find resource 'tools/reporter/vm_model/overview.vm' in any resource loader.
2017-05-01 23:23:00,804 - ResourceManager : unable to find resource 'tools/report/vm_model/overview.vm' in any resource loader.
2017-05-01 23:24:47,209 - ResourceManager : unable to find resource 'vm_model/overview.vm' in any resource loader.
2017-05-01 23:25:03,844 - ResourceManager : unable to find resource '/vm_model/overview.vm' in any resource loader.
2017-05-01 23:25:41,365 - ResourceManager : unable to find resource '/tools/report/vm_model/overview.vm' in any resource loader.
2017-05-01 23:27:41,295 - ResourceManager : unable to find resource '/tools/report/vm/overview.vm' in any resource loader.
2017-05-01 23:28:31,292 - ResourceManager : unable to find resource 'tools/report/vm/overview.vm' in any resource loader.
2017-05-01 23:36:25,759 - ResourceManager : unable to find resource 'tools/report/vm/overview.vm' in any resource loader.
2017-05-01 23:45:48,721 - ResourceManager : unable to find resource 'tools.report.vm.overview.vm' in any resource loader.
2017-05-01 23:46:50,756 - ResourceManager : unable to find resource 'src/tools/report/vm/overview.vm' in any resource loader.
2017-05-01 23:47:17,609 - ResourceManager : unable to find resource 'src/main/java/tools/report/vm/overview.vm' in any resource loader.
2017-05-01 23:48:14,762 - ResourceManager : unable to find resource '/src/main/java/tools/report/vm/overview.vm' in any resource loader.
2017-05-01 23:49:50,154 - ResourceManager : unable to find resource 'template.vm' in any resource loader.
2017-05-01 23:55:11,122 - ResourceManager : unable to find resource 'templates/template.vm' in any resource loader.
2017-05-01 23:57:09,346 - ResourceManager : unable to find resource 'templates/template.vm' in any resource loader.
2017-05-02 00:12:53,055 - ResourceManager : unable to find resource 'templates/test.vm' in any resource loader.
2017-05-02 00:14:28,882 - ResourceManager : unable to find resource 'tools/report/templates/report/templates/test.vm' in any resource loader.
2017-05-02 00:14:51,188 - ResourceManager : unable to find resource 'templates/test.vm' in any resource loader.
2017-05-02 00:15:11,320 - ResourceManager : unable to find resource '/templates/test.vm' in any resource loader.
2017-05-02 00:18:00,405 - ResourceManager : unable to find resource './test.vm' in any resource loader.
2017-05-02 00:24:49,034 - ResourceManager : unable to find resource 'test.vm' in any resource loader.
2017-05-02 00:25:13,525 - ResourceManager : unable to find resource '/test.vm' in any resource loader.
